<html>
<head>
<title>TestNG:  Test</title>
<link href="../testng.css" rel="stylesheet" type="text/css" />
<link href="../my-testng.css" rel="stylesheet" type="text/css" />

<style type="text/css">
.log { display: none;} 
.stack-trace { display: none;} 
</style>
<script type="text/javascript">
<!--
function flip(e) {
  current = e.style.display;
  if (current == 'block') {
    e.style.display = 'none';
    return 0;
  }
  else {
    e.style.display = 'block';
    return 1;
  }
}

function toggleBox(szDivId, elem, msg1, msg2)
{
  var res = -1;  if (document.getElementById) {
    res = flip(document.getElementById(szDivId));
  }
  else if (document.all) {
    // this is the way old msie versions work
    res = flip(document.all[szDivId]);
  }
  if(elem) {
    if(res == 0) elem.innerHTML = msg1; else elem.innerHTML = msg2;
  }

}

function toggleAllBoxes() {
  if (document.getElementsByTagName) {
    d = document.getElementsByTagName('div');
    for (i = 0; i < d.length; i++) {
      if (d[i].className == 'log') {
        flip(d[i]);
      }
    }
  }
}

// -->
</script>

</head>
<body>
<h2 align='center'>Test</h2><table border='1' align="center">
<tr>
<td>Tests passed/Failed/Skipped:</td><td>6/1/0</td>
</tr><tr>
<td>Started on:</td><td>Fri Dec 06 09:52:45 IST 2019</td>
</tr>
<tr><td>Total time:</td><td>1131 seconds (1131828 ms)</td>
</tr><tr>
<td>Included groups:</td><td></td>
</tr><tr>
<td>Excluded groups:</td><td></td>
</tr>
</table><p/>
<small><i>(Hover the method name to see the test class name)</i></small><p/>
<table width='100%' border='1' class='invocation-failed'>
<tr><td colspan='4' align='center'><b>FAILED TESTS</b></td></tr>
<tr><td><b>Test method</b></td>
<td width="30%"><b>Exception</b></td>
<td width="10%"><b>Time (seconds)</b></td>
<td><b>Instance</b></td>
</tr>
<tr>
<td title='com.velocity.qa.testcases.VerifyH1tag.VerifyH1TagTest()'><b>VerifyH1TagTest</b><br>Test class: com.velocity.qa.testcases.VerifyH1tag<br/>
<a href="#Output-1659309731" onClick='toggleBox("Output-1659309731", this, "Show output", "Hide output");'>Show output</a>

<a href="#Output-1659309731" onClick="toggleAllBoxes();">Show all outputs</a>
<div class='log' id="Output-1659309731">
Fail - Either H1 tag count is 0 on Url  https://barrettfloorsaz.com/flooring/vinyl/coretec-colorwall/<br/>
Fail - Either H1 tag count is 0 on Url  https://barrettfloorsaz.com/flooring/area-rugs/rug-pads/<br/>
Fail - Either H1 tag count is 2 on Url  https://barrettfloorsaz.com/flooring-coupon/<br/>
Fail - Either H1 tag count is 0 on Url  https://barrettfloorsaz.com/about/location/<br/>
Fail - Either H1 tag count is 0 on Url  https://barrettfloorsaz.com/about/reviews/<br/>
Fail - Either H1 tag count is 0 on Url  https://barrettfloorsaz.com/about/blog/<br/>
Fail - Either H1 tag count is 0 on Url  https://barrettfloorsaz.com/wp-content/uploads/2019/11/install-6-300x225.jpg<br/>
Fail - Either H1 tag count is 0 on Url  https://barrettfloorsaz.com/wp-content/uploads/2019/11/install-1-300x225.jpg<br/>
Fail - Either H1 tag count is 0 on Url  https://barrettfloorsaz.com/wp-content/uploads/2019/11/install-2-300x225.jpg<br/>
Fail - Either H1 tag count is 0 on Url  https://barrettfloorsaz.com/wp-content/uploads/2019/11/install-3-300x225.jpg<br/>
Fail - Either H1 tag count is 0 on Url  https://barrettfloorsaz.com/wp-content/uploads/2019/11/install-4-300x225.jpg<br/>
Fail - Either H1 tag count is 0 on Url  https://barrettfloorsaz.com/wp-content/uploads/2019/11/install-5-300x225.jpg<br/>
Fail - Either H1 tag count is 0 on Url  https://barrettfloorsaz.com/location/<br/>
Fail - Either H1 tag count is 0 on Url  https://barrettfloorsaz.com/wp-content/uploads/2019/11/stanton-1-300x200.jpg<br/>
Fail - Either H1 tag count is 0 on Url  https://barrettfloorsaz.com/wp-content/uploads/2019/11/triwest-ltd-300x200.jpg<br/>
Fail - Either H1 tag count is 0 on Url  https://barrettfloorsaz.com/wp-content/uploads/2019/11/paradign-waterproof-flooring-300x200.jpg<br/>
Fail - Either H1 tag count is 0 on Url  https://barrettfloorsaz.com/wp-content/uploads/2019/11/phenix-300x200.jpg<br/>
Fail - Either H1 tag count is 0 on Url  https://barrettfloorsaz.com/wp-content/uploads/2019/11/coretec-logo-300x200.jpg<br/>
Fail - Either H1 tag count is 0 on Url  https://barrettfloorsaz.com/wp-content/uploads/2019/11/american-olean-300x200.jpg<br/>
Fail - Either H1 tag count is 0 on Url  https://barrettfloorsaz.com/wp-content/uploads/2019/11/arizona-tile-300x200.jpg<br/>
Fail - Either H1 tag count is 0 on Url  https://barrettfloorsaz.com/wp-content/uploads/2019/11/daltile-300x200.jpg<br/>
Fail - Either H1 tag count is 0 on Url  https://barrettfloorsaz.com/wp-content/uploads/2019/11/emser-tile-300x200.jpg<br/>
Fail - Either H1 tag count is 0 on Url  https://barrettfloorsaz.com/wp-content/uploads/2019/11/Galleher-300x200.jpg<br/>
Fail - Either H1 tag count is 0 on Url  https://barrettfloorsaz.com/wp-content/uploads/2019/11/Longust-300x200.jpg<br/>
Fail - Either H1 tag count is 0 on Url  https://barrettfloorsaz.com/wp-content/uploads/2019/11/mannington-300x200.jpg<br/>
Fail - Either H1 tag count is 0 on Url  https://barrettfloorsaz.com/wp-content/uploads/2019/11/marazzi-300x200.jpg<br/>
Fail - Either H1 tag count is 0 on Url  https://barrettfloorsaz.com/wp-content/uploads/2019/11/shaw-floors-logo-300x200.jpg<br/>
Fail - Either H1 tag count is 2 on Url  https://www.instagram.com/barrett_floors/<br/>
Fail - Either H1 tag count is 0 on Url  https://barrettfloorsaz.com/terms-and-conditions/<br/>
Fail - Either H1 tag count is 0 on Url  https://barrettfloorsaz.com/privacy-policy/<br/>
Fail - Either H1 tag count is 0 on Url  https://barrettfloorsaz.com/sitemap/<br/>
</div>
</td>
<td><div><pre>java.lang.AssertionError: The following asserts failed:
	expected [true] but found [false],
	expected [true] but found [false],
	expected [true] but found [false],
	expected [true] but found [false],
	expected [true] but found [false],
	expected [true] but found [false],
	expected [true] but found [false],
	expected [true] but found [false],
	expected [true] but found [false],
	expected [true] but found [false],
	expected [true] but found [false],
	expected [true] but found [false],
	expected [true] but found [false],
	expected [true] but found [false],
	expected [true] but found [false],
	expected [true] but found [false],
	expected [true] but found [false],
	expected [true] but found [false],
	expected [true] but found [false],
	expected [true] but found [false],
	expected [true] but found [false],
	expected [true] but found [false],
	expected [true] but found [false],
	expected [true] but found [false],
	expected [true] but found [false],
	expected [true] but found [false],
	expected [true] but found [false],
	expected [true] but found [false],
	expected [true] but found [false],
	expected [true] but found [false],
	expected [true] but found [false]
	at com.velocity.qa.pages.H1TagPages.VerifyH1TagCount(H1TagPages.java:82)
	at com.velocity.qa.testcases.VerifyH1tag.VerifyH1TagTest(VerifyH1tag.java:34)
... Removed 26 stack frames</pre></div><a href='#' onClick='toggleBox("stack-trace1659309731", this, "Click to show all stack frames", "Click to hide stack frames")'>Click to show all stack frames</a>
<div class='stack-trace' id='stack-trace1659309731'><pre>java.lang.AssertionError: The following asserts failed:
	expected [true] but found [false],
	expected [true] but found [false],
	expected [true] but found [false],
	expected [true] but found [false],
	expected [true] but found [false],
	expected [true] but found [false],
	expected [true] but found [false],
	expected [true] but found [false],
	expected [true] but found [false],
	expected [true] but found [false],
	expected [true] but found [false],
	expected [true] but found [false],
	expected [true] but found [false],
	expected [true] but found [false],
	expected [true] but found [false],
	expected [true] but found [false],
	expected [true] but found [false],
	expected [true] but found [false],
	expected [true] but found [false],
	expected [true] but found [false],
	expected [true] but found [false],
	expected [true] but found [false],
	expected [true] but found [false],
	expected [true] but found [false],
	expected [true] but found [false],
	expected [true] but found [false],
	expected [true] but found [false],
	expected [true] but found [false],
	expected [true] but found [false],
	expected [true] but found [false],
	expected [true] but found [false]
	at org.testng.asserts.SoftAssert.assertAll(SoftAssert.java:43)
	at com.velocity.qa.pages.H1TagPages.VerifyH1TagCount(H1TagPages.java:82)
	at com.velocity.qa.testcases.VerifyH1tag.VerifyH1TagTest(VerifyH1tag.java:34)
	at sun.reflect.NativeMethodAccessorImpl.invoke0(Native Method)
	at sun.reflect.NativeMethodAccessorImpl.invoke(NativeMethodAccessorImpl.java:62)
	at sun.reflect.DelegatingMethodAccessorImpl.invoke(DelegatingMethodAccessorImpl.java:43)
	at java.lang.reflect.Method.invoke(Method.java:498)
	at org.testng.internal.MethodInvocationHelper.invokeMethod(MethodInvocationHelper.java:124)
	at org.testng.internal.Invoker.invokeMethod(Invoker.java:580)
	at org.testng.internal.Invoker.invokeTestMethod(Invoker.java:716)
	at org.testng.internal.Invoker.invokeTestMethods(Invoker.java:988)
	at org.testng.internal.TestMethodWorker.invokeTestMethods(TestMethodWorker.java:125)
	at org.testng.internal.TestMethodWorker.run(TestMethodWorker.java:109)
	at org.testng.TestRunner.privateRun(TestRunner.java:648)
	at org.testng.TestRunner.run(TestRunner.java:505)
	at org.testng.SuiteRunner.runTest(SuiteRunner.java:455)
	at org.testng.SuiteRunner.runSequentially(SuiteRunner.java:450)
	at org.testng.SuiteRunner.privateRun(SuiteRunner.java:415)
	at org.testng.SuiteRunner.run(SuiteRunner.java:364)
	at org.testng.SuiteRunnerWorker.runSuite(SuiteRunnerWorker.java:52)
	at org.testng.SuiteRunnerWorker.run(SuiteRunnerWorker.java:84)
	at org.testng.TestNG.runSuitesSequentially(TestNG.java:1208)
	at org.testng.TestNG.runSuitesLocally(TestNG.java:1137)
	at org.testng.TestNG.runSuites(TestNG.java:1049)
	at org.testng.TestNG.run(TestNG.java:1017)
	at org.testng.remote.AbstractRemoteTestNG.run(AbstractRemoteTestNG.java:114)
	at org.testng.remote.RemoteTestNG.initAndRun(RemoteTestNG.java:251)
	at org.testng.remote.RemoteTestNG.main(RemoteTestNG.java:77)
</pre></div></td>
<td>51</td>
<td>com.velocity.qa.testcases.VerifyH1tag@7cbd213e</td></tr>
</table><p>
<table width='100%' border='1' class='invocation-passed'>
<tr><td colspan='4' align='center'><b>PASSED TESTS</b></td></tr>
<tr><td><b>Test method</b></td>
<td width="30%"><b>Exception</b></td>
<td width="10%"><b>Time (seconds)</b></td>
<td><b>Instance</b></td>
</tr>
<tr>
<td title='com.velocity.qa.testcases.VerifyGTMCode.VerifyGTMCodePresent()'><b>VerifyGTMCodePresent</b><br>Test class: com.velocity.qa.testcases.VerifyGTMCode</td>
<td></td>
<td>1</td>
<td>com.velocity.qa.testcases.VerifyGTMCode@b7dd107</td></tr>
<tr>
<td title='com.velocity.qa.testcases.VerifyHttpStatusOfUrl.VerifyHttpStatus()'><b>VerifyHttpStatus</b><br>Test class: com.velocity.qa.testcases.VerifyHttpStatusOfUrl</td>
<td></td>
<td>357</td>
<td>com.velocity.qa.testcases.VerifyHttpStatusOfUrl@2db7a79b</td></tr>
<tr>
<td title='com.velocity.qa.testcases.VerifySEOLocation.VerifySEOLocation()'><b>VerifySEOLocation</b><br>Test class: com.velocity.qa.testcases.VerifySEOLocation<br/>
<a href="#Output-883380345" onClick='toggleBox("Output-883380345", this, "Show output", "Hide output");'>Show output</a>

<a href="#Output-883380345" onClick="toggleAllBoxes();">Show all outputs</a>
<div class='log' id="Output-883380345">
SEO Fail on URL which shows window title [%s]install-6-300x225.jpg (300×225)<br/>
SEO Fail on URL which shows window title [%s]install-1-300x225.jpg (300×225)<br/>
SEO Fail on URL which shows window title [%s]install-2-300x225.jpg (300×225)<br/>
SEO Fail on URL which shows window title [%s]install-3-300x225.jpg (300×225)<br/>
SEO Fail on URL which shows window title [%s]install-4-300x225.jpg (300×225)<br/>
SEO Fail on URL which shows window title [%s]install-5-300x225.jpg (300×225)<br/>
SEO Fail on URL which shows window title [%s]stanton-1-300x200.jpg (300×200)<br/>
SEO Fail on URL which shows window title [%s]triwest-ltd-300x200.jpg (300×200)<br/>
SEO Fail on URL which shows window title [%s]paradign-waterproof-flooring-300x200.jpg (300×200)<br/>
SEO Fail on URL which shows window title [%s]phenix-300x200.jpg (300×200)<br/>
SEO Fail on URL which shows window title [%s]coretec-logo-300x200.jpg (300×200)<br/>
SEO Fail on URL which shows window title [%s]american-olean-300x200.jpg (300×200)<br/>
SEO Fail on URL which shows window title [%s]arizona-tile-300x200.jpg (300×200)<br/>
SEO Fail on URL which shows window title [%s]daltile-300x200.jpg (300×200)<br/>
SEO Fail on URL which shows window title [%s]emser-tile-300x200.jpg (300×200)<br/>
SEO Fail on URL which shows window title [%s]Galleher-300x200.jpg (300×200)<br/>
SEO Fail on URL which shows window title [%s]Longust-300x200.jpg (300×200)<br/>
SEO Fail on URL which shows window title [%s]mannington-300x200.jpg (300×200)<br/>
SEO Fail on URL which shows window title [%s]marazzi-300x200.jpg (300×200)<br/>
SEO Fail on URL which shows window title [%s]shaw-floors-logo-300x200.jpg (300×200)<br/>
</div>
</td>
<td></td>
<td>333</td>
<td>com.velocity.qa.testcases.VerifySEOLocation@42eca56e</td></tr>
<tr>
<td title='com.velocity.qa.testcases.VerifySrcUrlDomain.VerifySrcUrlsDomain()'><b>VerifySrcUrlsDomain</b><br>Test class: com.velocity.qa.testcases.VerifySrcUrlDomain</td>
<td></td>
<td>77</td>
<td>com.velocity.qa.testcases.VerifySrcUrlDomain@6950e31</td></tr>
<tr>
<td title='com.velocity.qa.testcases.SearchMmDevAgency.verifyMmDevAgency()'><b>verifyMmDevAgency</b><br>Test class: com.velocity.qa.testcases.SearchMmDevAgency</td>
<td></td>
<td>26</td>
<td>com.velocity.qa.testcases.SearchMmDevAgency@4671e53b</td></tr>
<tr>
<td title='com.velocity.qa.testcases.VerifyNoIndex.verifyNoIndextest()'><b>verifyNoIndextest</b><br>Test class: com.velocity.qa.testcases.VerifyNoIndex</td>
<td></td>
<td>63</td>
<td>com.velocity.qa.testcases.VerifyNoIndex@52f759d7</td></tr>
</table><p>
</body>
</html>